d:\studia\wzorce projektowe\projekt\projekt\projekt\debug\vc140.pdb
d:\studia\wzorce projektowe\projekt\projekt\projekt\debug\vc140.idb
d:\studia\wzorce projektowe\projekt\projekt\projekt\debug\app.obj
d:\studia\wzorce projektowe\projekt\projekt\projekt\debug\main.obj
d:\studia\wzorce projektowe\projekt\projekt\projekt\debug\mainmenustate.obj
d:\studia\wzorce projektowe\projekt\projekt\projekt\debug\state.obj
d:\studia\wzorce projektowe\projekt\projekt\projekt\debug\mapmenustate.obj
d:\studia\wzorce projektowe\projekt\projekt\projekt\debug\button.obj
d:\studia\wzorce projektowe\projekt\projekt\projekt\debug\controlsstate.obj
d:\studia\wzorce projektowe\projekt\projekt\projekt\debug\editorstate.obj
d:\studia\wzorce projektowe\projekt\projekt\projekt\debug\map.obj
d:\studia\wzorce projektowe\projekt\projekt\debug\projekt.pdb
d:\studia\wzorce projektowe\projekt\projekt\projekt\debug\projekt.tlog\cl.command.1.tlog
d:\studia\wzorce projektowe\projekt\projekt\projekt\debug\projekt.tlog\cl.read.1.tlog
d:\studia\wzorce projektowe\projekt\projekt\projekt\debug\projekt.tlog\cl.write.1.tlog
d:\studia\wzorce projektowe\projekt\projekt\projekt\debug\projekt.tlog\link-cvtres.read.1.tlog
d:\studia\wzorce projektowe\projekt\projekt\projekt\debug\projekt.tlog\link-cvtres.write.1.tlog
d:\studia\wzorce projektowe\projekt\projekt\projekt\debug\projekt.tlog\link-rc.read.1.tlog
d:\studia\wzorce projektowe\projekt\projekt\projekt\debug\projekt.tlog\link-rc.write.1.tlog
d:\studia\wzorce projektowe\projekt\projekt\projekt\debug\projekt.tlog\link.command.1.tlog
d:\studia\wzorce projektowe\projekt\projekt\projekt\debug\projekt.tlog\link.read.1.tlog
d:\studia\wzorce projektowe\projekt\projekt\projekt\debug\projekt.tlog\link.write.1.tlog
