Build started 02.06.2016 22:19:21.
     1>Project "D:\Studia\Wzorce projektowe\Projekt\Projekt\Projekt\Projekt.vcxproj" on node 2 (Build target(s)).
     1>ClCompile:
         C:\Program Files (x86)\Microsoft Visual Studio 14.0\VC\bin\CL.exe /c /I"D:\Biblioteki\C++\SFML-2.3.2-x86\include" /ID:\Biblioteki\C++\boost_1_59_0 /ID:\Biblioteki\C++\Box2D\Box2D /ZI /nologo /W3 /WX- /Od /Oy- /D CODE_ANALYSIS /D WIN32 /D _DEBUG /D _CONSOLE /D _UNICODE /D UNICODE /Gm /EHsc /RTC1 /MDd /GS /fp:precise /Zc:wchar_t /Zc:forScope /Zc:inline /Fo"Debug\\" /Fd"Debug\vc140.pdb" /Gd /TP /analyze /analyze:plugin"C:\Program Files (x86)\Microsoft Visual Studio 14.0\VC\\bin\localespc.dll" /errorReport:prompt   /analyze:quiet App.cpp Button.cpp ControlsState.cpp EditorState.cpp GameOverState.cpp GameState.cpp KeyField.cpp LoadMapState.cpp Main.cpp MainMenuState.cpp Map.cpp MapMenuState.cpp MyContactListener.cpp Physics.cpp SaveMapState.cpp State.cpp Strings.cpp TextField.cpp Textures.cpp Utils.cpp
         Utils.cpp
         Textures.cpp
     1>d:\studia\wzorce projektowe\projekt\projekt\projekt\textures.cpp(21): warning C4390: ';': empty controlled statement found; is this the intent?
         TextField.cpp
         Strings.cpp
         State.cpp
         SaveMapState.cpp
         Physics.cpp
         MyContactListener.cpp
         MapMenuState.cpp
     1>d:\studia\wzorce projektowe\projekt\projekt\projekt\mapmenustate.cpp(30): warning C4244: 'initializing': conversion from 'std::streamoff' to 'int', possible loss of data
         Map.cpp
     1>d:\studia\wzorce projektowe\projekt\projekt\projekt\map.cpp(19): warning C4244: 'argument': conversion from 'float' to 'int', possible loss of data
     1>d:\studia\wzorce projektowe\projekt\projekt\projekt\map.cpp(40): warning C4244: 'argument': conversion from 'float' to 'int', possible loss of data
         MainMenuState.cpp
         Main.cpp
         LoadMapState.cpp
     1>d:\studia\wzorce projektowe\projekt\projekt\projekt\loadmapstate.cpp(34): warning C4244: 'initializing': conversion from 'std::streamoff' to 'int', possible loss of data
         KeyField.cpp
     1>d:\studia\wzorce projektowe\projekt\projekt\projekt\keyfield.cpp(271): warning C4244: '=': conversion from 'int' to 'float', possible loss of data
     1>d:\studia\wzorce projektowe\projekt\projekt\projekt\keyfield.cpp(272): warning C4244: '=': conversion from 'int' to 'float', possible loss of data
     1>d:\studia\wzorce projektowe\projekt\projekt\projekt\keyfield.cpp(273): warning C4244: '=': conversion from 'int' to 'float', possible loss of data
     1>d:\studia\wzorce projektowe\projekt\projekt\projekt\keyfield.cpp(274): warning C4244: '=': conversion from 'int' to 'float', possible loss of data
         GameState.cpp
     1>d:\studia\wzorce projektowe\projekt\projekt\projekt\gamestate.cpp(67): warning C4244: 'argument': conversion from 'int' to 'float', possible loss of data
         GameOverState.cpp
         EditorState.cpp
     1>d:\studia\wzorce projektowe\projekt\projekt\projekt\editorstate.cpp(11): warning C4244: 'argument': conversion from 'unsigned int' to 'float', possible loss of data
     1>d:\studia\wzorce projektowe\projekt\projekt\projekt\editorstate.cpp(183): warning C4102: 'defaut': unreferenced label
     1>d:\studia\wzorce projektowe\projekt\projekt\projekt\editorstate.cpp(214): warning C4244: 'argument': conversion from 'int' to 'float', possible loss of data
     1>d:\studia\wzorce projektowe\projekt\projekt\projekt\editorstate.cpp(238): warning C4244: 'argument': conversion from 'int' to 'float', possible loss of data
     1>d:\studia\wzorce projektowe\projekt\projekt\projekt\editorstate.cpp(257): warning C4244: 'argument': conversion from 'int' to 'float', possible loss of data
         ControlsState.cpp
         Button.cpp
     1>d:\studia\wzorce projektowe\projekt\projekt\projekt\button.cpp(94): warning C4244: '=': conversion from 'int' to 'float', possible loss of data
     1>d:\studia\wzorce projektowe\projekt\projekt\projekt\button.cpp(95): warning C4244: '=': conversion from 'int' to 'float', possible loss of data
         App.cpp
         Running Code Analysis for C/C++...
         Generating Code...
       Link:
         C:\Program Files (x86)\Microsoft Visual Studio 14.0\VC\bin\link.exe /ERRORREPORT:PROMPT /OUT:"D:\Studia\Wzorce projektowe\Projekt\Projekt\Debug\Projekt.exe" /INCREMENTAL /NOLOGO /LIBPATH:"D:\Biblioteki\C++\SFML-2.3.2-x86\lib" /LIBPATH:D:\Biblioteki\C++\Box2D\Box2D\Build\vs2015\bin\x32\Debug "sfml-graphics-d.lib" "sfml-system-d.lib" "sfml-window-d.lib" Box2D.lib kernel32.lib user32.lib gdi32.lib winspool.lib comdlg32.lib advapi32.lib shell32.lib ole32.lib oleaut32.lib uuid.lib odbc32.lib odbccp32.lib /MANIFEST /MANIFESTUAC:"level='asInvoker' uiAccess='false'" /manifest:embed /Debug /PDB:"D:\Studia\Wzorce projektowe\Projekt\Projekt\Debug\Projekt.pdb" /SUBSYSTEM:CONSOLE /TLBID:1 /DYNAMICBASE /NXCOMPAT /IMPLIB:"D:\Studia\Wzorce projektowe\Projekt\Projekt\Debug\Projekt.lib" /MACHINE:X86 Debug\App.obj
         Debug\Button.obj
         Debug\ControlsState.obj
         Debug\EditorState.obj
         Debug\GameOverState.obj
         Debug\GameState.obj
         Debug\KeyField.obj
         Debug\LoadMapState.obj
         Debug\Main.obj
         Debug\MainMenuState.obj
         Debug\Map.obj
         Debug\MapMenuState.obj
         Debug\MyContactListener.obj
         Debug\Physics.obj
         Debug\SaveMapState.obj
         Debug\State.obj
         Debug\Strings.obj
         Debug\TextField.obj
         Debug\Textures.obj
         Debug\Utils.obj
         Projekt.vcxproj -> D:\Studia\Wzorce projektowe\Projekt\Projekt\Debug\Projekt.exe
     1>Done Building Project "D:\Studia\Wzorce projektowe\Projekt\Projekt\Projekt\Projekt.vcxproj" (Build target(s)).

Build succeeded.

Time Elapsed 00:02:59.40
